<?xml version="1.0" encoding="UTF-8"?>
<testsuites>
  <testsuite id="0" name="/home/hackerearth/Desktop/vue/vue-basics-master/frontend/tests/unit/CountEr.spec.js" errors="0" package="/home/hackerearth/Desktop/vue/vue-basics-master/frontend/tests/unit/CountEr.spec.js" hostname="localhost" tests="5" failures="0" time="0.885" timestamp="2022-12-12T11:13:57">
    <properties>
    </properties>
    <testcase classname="CountView.vue" name="increments counter by 1" time="0">
    </testcase>
    <testcase classname="CountView.vue" name="increments counter by 10" time="0">
    </testcase>
    <testcase classname="CountView.vue" name="decrements counter by 1" time="0">
    </testcase>
    <testcase classname="CountView.vue" name="decrements counter by 10" time="0">
    </testcase>
    <testcase classname="CountView.vue" name="Set the Value To Zero" time="0">
    </testcase>
    <system-out/>
    <system-err/>
  </testsuite>
</testsuites>